{"numFailedTestSuites":0,"numFailedTests":0,"numPassedTestSuites":2,"numPassedTests":3,"numPendingTestSuites":0,"numPendingTests":0,"numRuntimeErrorTestSuites":0,"numTodoTests":0,"numTotalTestSuites":2,"numTotalTests":3,"openHandles":[],"snapshot":{"added":0,"didUpdate":false,"failure":false,"filesAdded":0,"filesRemoved":0,"filesUnmatched":0,"filesUpdated":0,"matched":0,"total":0,"unchecked":0,"uncheckedKeysByFile":[],"unmatched":0,"updated":0},"startTime":1551815108937,"success":true,"testResults":[{"assertionResults":[{"ancestorTitles":["First Tests"],"failureMessages":[],"fullName":"First Tests First Test","location":null,"status":"passed","title":"First Test"},{"ancestorTitles":["First Tests"],"failureMessages":[],"fullName":"First Tests Second Test","location":null,"status":"passed","title":"Second Test"}],"endTime":1551815112414,"message":"","name":"/Users/bvo/Documents/jest-puppeteer/__tests__/first_test.js","startTime":1551815109778,"status":"passed","summary":""},{"assertionResults":[{"ancestorTitles":["Login Page"],"failureMessages":[],"fullName":"Login Page C243 Login Test","location":null,"status":"passed","title":"C243 Login Test"}],"endTime":1551815117585,"message":"","name":"/Users/bvo/Documents/jest-puppeteer/__tests__/logintest.js","startTime":1551815109794,"status":"passed","summary":""}],"wasInterrupted":false}