{"numFailedTestSuites":0,"numFailedTests":0,"numPassedTestSuites":2,"numPassedTests":7,"numPendingTestSuites":0,"numPendingTests":0,"numRuntimeErrorTestSuites":0,"numTodoTests":0,"numTotalTestSuites":2,"numTotalTests":7,"openHandles":[],"snapshot":{"added":0,"didUpdate":false,"failure":false,"filesAdded":0,"filesRemoved":0,"filesUnmatched":0,"filesUpdated":0,"matched":0,"total":0,"unchecked":0,"uncheckedKeysByFile":[],"unmatched":0,"updated":0},"startTime":1558563231359,"success":true,"testResults":[{"assertionResults":[{"ancestorTitles":["API Test"],"failureMessages":[],"fullName":"API Test C994 POST Login","location":null,"status":"passed","title":"C994 POST Login"},{"ancestorTitles":["API Test"],"failureMessages":[],"fullName":"API Test C995 POST Miniumum Campaign","location":null,"status":"passed","title":"C995 POST Miniumum Campaign"},{"ancestorTitles":["API Test"],"failureMessages":[],"fullName":"API Test C996 POST Miniumum Budget","location":null,"status":"passed","title":"C996 POST Miniumum Budget"},{"ancestorTitles":["API Test"],"failureMessages":[],"fullName":"API Test C997 DELETE Campaign","location":null,"status":"passed","title":"C997 DELETE Campaign"},{"ancestorTitles":["API Test"],"failureMessages":[],"fullName":"API Test C998 POST Miniumum Budget","location":null,"status":"passed","title":"C998 POST Miniumum Budget"}],"endTime":1558563233722,"message":"","name":"/Users/bvo/Documents/Brian testrail-api node/__tests__/apiTests.js","startTime":1558563232336,"status":"passed","summary":""},{"assertionResults":[{"ancestorTitles":["Login Page"],"failureMessages":[],"fullName":"Login Page C243 Login Test","location":null,"status":"passed","title":"C243 Login Test"},{"ancestorTitles":["Login Page"],"failureMessages":[],"fullName":"Login Page Login Second Test","location":null,"status":"passed","title":"Login Second Test"}],"endTime":1558563238275,"message":"","name":"/Users/bvo/Documents/Brian testrail-api node/__tests__/logintest.js","startTime":1558563232312,"status":"passed","summary":""}],"wasInterrupted":false}